Arguments: 
  /Users/antony/.nvm/versions/node/v8.11.3/bin/node /usr/local/Cellar/yarn/1.9.4/libexec/bin/yarn.js install --mutex network:42424 --non-interactive --no-lockfile

PATH: 
  /Users/antony/Documents/Code/Web/cra-universal/packages/cra-universal/node_modules/.bin:/Users/antony/Documents/Code/Web/cra-universal/packages/node_modules/.bin:/Users/antony/Documents/Code/Web/cra-universal/node_modules/.bin:/Users/antony/Documents/Code/Web/node_modules/.bin:/Users/antony/Documents/Code/node_modules/.bin:/Users/antony/Documents/node_modules/.bin:/Users/antony/node_modules/.bin:/Users/node_modules/.bin:/node_modules/.bin:/Users/antony/.nvm/versions/node/v8.11.3/bin:/Users/antony/Documents/Code/Web/cra-universal/node_modules/.bin:/Users/antony/.config/yarn/link/node_modules/.bin:/Users/antony/Documents/Code/Web/cra-universal/node_modules/.bin:/Users/antony/.config/yarn/link/node_modules/.bin:/Users/antony/.nvm/versions/node/v8.11.3/libexec/lib/node_modules/npm/bin/node-gyp-bin:/Users/antony/.nvm/versions/node/v8.11.3/lib/node_modules/npm/bin/node-gyp-bin:/Users/antony/.nvm/versions/node/v8.11.3/bin/node_modules/npm/bin/node-gyp-bin:/Users/antony/.nvm/versions/node/v8.11.3/bin:/usr/local/bin:/Users/antony/.rbenv/shims:/usr/local/bin:/usr/bin:/bin:/usr/sbin:/sbin:~/.config/yarn/global/node_modules/.bin:/Users/antony/.composer/vendor/bin:/usr/local/go/bin:/usr/local/git/bin

Yarn version: 
  1.9.4

Node version: 
  8.11.3

Platform: 
  darwin x64

Trace: 
  Error: https://registry.yarnpkg.com/@babel%2fcore: ETIMEDOUT
      at Timeout._onTimeout (/usr/local/Cellar/yarn/1.9.4/libexec/lib/cli.js:138128:19)
      at ontimeout (timers.js:498:11)
      at tryOnTimeout (timers.js:323:5)
      at Timer.listOnTimeout (timers.js:290:5)

npm manifest: 
  {
  	"name": "cra-universal",
  	"version": "4.0.0-9",
  	"description": "Create React App Universal CLI",
  	"main": "src/index.js",
  	"files": [
  		"src",
  		"templates/server"
  	],
  	"bin": {
  		"cra-universal": "./src/index.js"
  	},
  	"keywords": [
  		"ssr",
  		"create-react-app",
  		"cra",
  		"universal",
  		"cli",
  		"express"
  	],
  	"author": "Antony Budianto <antonybudianto@gmail.com>",
  	"repository": {
  		"type": "git",
  		"url": "https://github.com/antonybudianto/cra-universal.git"
  	},
  	"license": "MIT",
  	"dependencies": {
  		"@babel/core": "7.0.0",
  		"@babel/plugin-proposal-object-rest-spread": "7.0.0",
  		"@babel/preset-env": "7.0.0",
  		"@babel/preset-react": "^7.0.0",
  		"@babel/register": "7.0.0",
  		"babel-loader": "^8.0.2",
  		"babel-plugin-dynamic-import-node": "^2.1.0",
  		"chalk": "^2.4.1",
  		"css-loader": "^1.0.0",
  		"del": "^3.0.0",
  		"fs-extra": "7.0.0",
  		"has-yarn": "^1.0.0",
  		"inquirer": "^6.2.0",
  		"isomorphic-style-loader": "^4.0.0",
  		"multiview": "^2.5.3",
  		"null-loader": "^0.1.1",
  		"start-server-webpack-plugin": "3.0.0-rc3",
  		"url-loader": "^1.1.1",
  		"webpack": "^4.17.2",
  		"webpack-cli": "^3.1.0",
  		"webpack-node-externals": "^1.7.2",
  		"yargs": "12.0.2"
  	},
  	"devDependencies": {
  		"jest": "^23.5.0"
  	}
  }

yarn manifest: 
  No manifest

Lockfile: 
  No lockfile
