Arguments: 
  /Users/antony/.nvm/versions/node/v8.11.3/bin/node /usr/local/Cellar/yarn/1.9.4/libexec/bin/yarn.js install --mutex network:42424 --non-interactive --no-lockfile

PATH: 
  /Users/antony/Documents/Code/Web/cra-universal/packages/cra-universal/templates/node_modules/.bin:/Users/antony/Documents/Code/Web/cra-universal/packages/cra-universal/node_modules/.bin:/Users/antony/Documents/Code/Web/cra-universal/packages/node_modules/.bin:/Users/antony/Documents/Code/Web/cra-universal/node_modules/.bin:/Users/antony/Documents/Code/Web/node_modules/.bin:/Users/antony/Documents/Code/node_modules/.bin:/Users/antony/Documents/node_modules/.bin:/Users/antony/node_modules/.bin:/Users/node_modules/.bin:/node_modules/.bin:/Users/antony/.nvm/versions/node/v8.11.3/bin:/Users/antony/Documents/Code/Web/cra-universal/node_modules/.bin:/Users/antony/.config/yarn/link/node_modules/.bin:/Users/antony/Documents/Code/Web/cra-universal/node_modules/.bin:/Users/antony/.config/yarn/link/node_modules/.bin:/Users/antony/.nvm/versions/node/v8.11.3/libexec/lib/node_modules/npm/bin/node-gyp-bin:/Users/antony/.nvm/versions/node/v8.11.3/lib/node_modules/npm/bin/node-gyp-bin:/Users/antony/.nvm/versions/node/v8.11.3/bin/node_modules/npm/bin/node-gyp-bin:/Users/antony/.nvm/versions/node/v8.11.3/bin:/usr/local/bin:/Users/antony/.rbenv/shims:/usr/local/bin:/usr/bin:/bin:/usr/sbin:/sbin:~/.config/yarn/global/node_modules/.bin:/Users/antony/.composer/vendor/bin:/usr/local/go/bin:/usr/local/git/bin

Yarn version: 
  1.9.4

Node version: 
  8.11.3

Platform: 
  darwin x64

Trace: 
  Error: https://registry.yarnpkg.com/react: ETIMEDOUT
      at Timeout._onTimeout (/usr/local/Cellar/yarn/1.9.4/libexec/lib/cli.js:138128:19)
      at ontimeout (timers.js:498:11)
      at tryOnTimeout (timers.js:323:5)
      at Timer.listOnTimeout (timers.js:290:5)

npm manifest: 
  {
  	"name": "cra-template",
  	"version": "4.0.0-9",
  	"private": true,
  	"devDependencies": {
  		"better-npm-run": "^0.1.1",
  		"react-scripts": "1.1.5"
  	},
  	"dependencies": {
  		"react": "^16.5.0",
  		"react-dom": "^16.5.0"
  	},
  	"betterScripts": {
  		"start:prod": {
  			"command": "node ./server/bundle",
  			"env": {
  				"NODE_ENV": "production"
  			}
  		}
  	}
  }

yarn manifest: 
  No manifest

Lockfile: 
  No lockfile
